[16:40:42] [main/INFO] [LaunchWrapper]: Loading tweak class name net.minecraftforge.fml.common.launcher.FMLServerTweaker
[16:40:42] [main/INFO] [LaunchWrapper]: Using primary tweak class name net.minecraftforge.fml.common.launcher.FMLServerTweaker
[16:40:42] [main/INFO] [LaunchWrapper]: Calling tweak class net.minecraftforge.fml.common.launcher.FMLServerTweaker
[16:40:42] [main/INFO] [FML]: Forge Mod Loader version 14.23.5.2860 for Minecraft 1.12.2 loading
[16:40:42] [main/INFO] [FML]: Java is Java HotSpot(TM) 64-Bit Server VM, version 1.8.0_451, running on Windows 11:amd64:10.0, installed at C:\Program Files\Java\jre1.8.0_451
[16:40:44] [main/INFO] [FML]: Searching C:\Users\yushu\Downloads\SkyFactory-4_Server_4_2_4\.\mods for mods
[16:40:44] [main/INFO] [FML]: Searching C:\Users\yushu\Downloads\SkyFactory-4_Server_4_2_4\.\mods\1.12.2 for mods
[16:40:44] [main/WARN] [FML]: Found FMLCorePluginContainsFMLMod marker in Apotheosis-1.12.2-1.12.5.jar. This is not recommended, @Mods should be in a separate jar from the coremod.
[16:40:44] [main/WARN] [FML]: The coremod ApotheosisCore (shadows.ApotheosisCore) is not signed!
[16:40:44] [main/WARN] [FML]: Found FMLCorePluginContainsFMLMod marker in Aroma1997Core-1.12.2-2.0.0.2.b167.jar. This is not recommended, @Mods should be in a separate jar from the coremod.
[16:40:44] [main/WARN] [FML]: The coremod aroma1997.core.coremod.CoreMod does not have a MCVersion annotation, it may cause issues with this version of Minecraft
[16:40:44] [main/WARN] [FML]: Found FMLCorePluginContainsFMLMod marker in astralsorcery-1.12.2-1.10.27.jar. This is not recommended, @Mods should be in a separate jar from the coremod.
[16:40:44] [main/WARN] [FML]: The coremod hellfirepvp.astralsorcery.core.AstralCore does not have a MCVersion annotation, it may cause issues with this version of Minecraft
[16:40:44] [main/INFO] [Astral Core]: [AstralCore] Initialized.
[16:40:44] [main/WARN] [FML]: Found FMLCorePluginContainsFMLMod marker in bedpatch-2.2-1.12.2.jar. This is not recommended, @Mods should be in a separate jar from the coremod.
[16:40:44] [main/WARN] [FML]: The coremod BedPatch (com.mordenkainen.bedpatch.BedPatch) is not signed!
[16:40:44] [main/WARN] [FML]: The coremod com.bloodnbonesgaming.bnbgamingcore.core.BNBGamingCorePlugin does not have a MCVersion annotation, it may cause issues with this version of Minecraft
[16:40:44] [main/WARN] [FML]: The coremod BNBGamingCore (com.bloodnbonesgaming.bnbgamingcore.core.BNBGamingCorePlugin) is not signed!
[16:40:44] [main/INFO] [FML]: Loading tweaker codechicken.asm.internal.Tweaker from ChickenASM-1.12-1.0.2.7.jar
[16:40:44] [main/WARN] [FML]: Found FMLCorePluginContainsFMLMod marker in CTM-MC1.12.2-1.0.2.31.jar. This is not recommended, @Mods should be in a separate jar from the coremod.
[16:40:44] [main/WARN] [FML]: The coremod team.chisel.ctm.client.asm.CTMCorePlugin does not have a MCVersion annotation, it may cause issues with this version of Minecraft
[16:40:44] [main/WARN] [FML]: The coremod CTMCorePlugin (team.chisel.ctm.client.asm.CTMCorePlugin) is not signed!
[16:40:44] [main/WARN] [FML]: Found FMLCorePluginContainsFMLMod marker in foamfix-0.10.14-1.12.2.jar. This is not recommended, @Mods should be in a separate jar from the coremod.
[16:40:44] [main/WARN] [FML]: The coremod pl.asie.foamfix.coremod.FoamFixCore does not have a MCVersion annotation, it may cause issues with this version of Minecraft
[16:40:44] [main/WARN] [FML]: Found FMLCorePluginContainsFMLMod marker in Forgelin-1.8.4.jar. This is not recommended, @Mods should be in a separate jar from the coremod.
[16:40:44] [main/WARN] [FML]: The coremod net.shadowfacts.forgelin.preloader.ForgelinPlugin does not have a MCVersion annotation, it may cause issues with this version of Minecraft
[16:40:44] [main/WARN] [FML]: The coremod ForgelinPlugin (net.shadowfacts.forgelin.preloader.ForgelinPlugin) is not signed!
[16:40:44] [main/INFO] [FML]: Loading tweaker org.spongepowered.asm.launch.MixinTweaker from malisiscore-1.12.2-6.5.1.jar
[16:40:44] [main/WARN] [FML]: Found FMLCorePluginContainsFMLMod marker in Mekanism-1.12.2-9.8.3.390.jar. This is not recommended, @Mods should be in a separate jar from the coremod.
[16:40:44] [main/WARN] [FML]: The coremod mekanism.coremod.MekanismCoremod does not have a MCVersion annotation, it may cause issues with this version of Minecraft
[16:40:44] [main/WARN] [FML]: The coremod MekanismCoremod (mekanism.coremod.MekanismCoremod) is not signed!
[16:40:44] [main/WARN] [FML]: Found FMLCorePluginContainsFMLMod marker in OpenComputers-MC1.12.2-1.7.5.192.jar. This is not recommended, @Mods should be in a separate jar from the coremod.
[16:40:44] [main/WARN] [FML]: The coremod li.cil.oc.common.launch.TransformerLoader does not have a MCVersion annotation, it may cause issues with this version of Minecraft
[16:40:44] [main/WARN] [FML]: The coremod TransformerLoader (li.cil.oc.common.launch.TransformerLoader) is not signed!
[16:40:44] [main/WARN] [FML]: Found FMLCorePluginContainsFMLMod marker in ResourceLoader-MC1.12.1-1.5.3.jar. This is not recommended, @Mods should be in a separate jar from the coremod.
[16:40:44] [main/WARN] [FML]: The coremod lumien.resourceloader.asm.LoadingPlugin does not have a MCVersion annotation, it may cause issues with this version of Minecraft
[16:40:44] [main/WARN] [FML]: Found FMLCorePluginContainsFMLMod marker in SmoothFont-mc1.12.2-2.1.2.jar. This is not recommended, @Mods should be in a separate jar from the coremod.
[16:40:44] [main/WARN] [FML]: The coremod bre.smoothfont.asm.CorePlugin does not have a MCVersion annotation, it may cause issues with this version of Minecraft
[16:40:44] [main/WARN] [FML]: The coremod CorePlugin (bre.smoothfont.asm.CorePlugin) is not signed!
[16:40:44] [main/WARN] [FML]: Found FMLCorePluginContainsFMLMod marker in SqueezerPatch-1.12.2-1.0.0.jar. This is not recommended, @Mods should be in a separate jar from the coremod.
[16:40:44] [main/WARN] [FML]: The coremod SqueezerCore (shadows.squeezer.SqueezerCore) is not signed!
[16:40:44] [main/INFO] [FML]: Loading tweaker org.spongepowered.asm.launch.MixinTweaker from Surge-1.12.2-2.0.77.jar
[16:40:44] [main/INFO] [LaunchWrapper]: Loading tweak class name net.minecraftforge.fml.common.launcher.FMLInjectionAndSortingTweaker
[16:40:44] [main/INFO] [LaunchWrapper]: Loading tweak class name codechicken.asm.internal.Tweaker
[16:40:44] [main/INFO] [LaunchWrapper]: Loading tweak class name org.spongepowered.asm.launch.MixinTweaker
[16:40:44] [main/INFO] [mixin]: SpongePowered MIXIN Subsystem Version=0.7.11 Source=file:/C:/Users/yushu/Downloads/SkyFactory-4_Server_4_2_4/./mods/malisiscore-1.12.2-6.5.1.jar Service=LaunchWrapper Env=SERVER
[16:40:44] [main/WARN] [FML]: The coremod net.malisis.core.asm.MalisisCorePlugin does not have a MCVersion annotation, it may cause issues with this version of Minecraft
[16:40:44] [main/WARN] [FML]: The coremod MalisisCorePlugin (net.malisis.core.asm.MalisisCorePlugin) is not signed!
[16:40:44] [main/INFO] [mixin]: Compatibility level set to JAVA_8
[16:40:45] [main/WARN] [LaunchWrapper]: Tweak class name org.spongepowered.asm.launch.MixinTweaker has already been visited -- skipping
[16:40:45] [main/INFO] [LaunchWrapper]: Loading tweak class name net.minecraftforge.fml.common.launcher.FMLDeobfTweaker
[16:40:45] [main/INFO] [LaunchWrapper]: Calling tweak class net.minecraftforge.fml.common.launcher.FMLInjectionAndSortingTweaker
[16:40:45] [main/INFO] [LaunchWrapper]: Calling tweak class net.minecraftforge.fml.common.launcher.FMLInjectionAndSortingTweaker
[16:40:45] [main/INFO] [LaunchWrapper]: Calling tweak class net.minecraftforge.fml.relauncher.CoreModManager$FMLPluginWrapper
[16:40:46] [main/INFO] [FML]: Found valid fingerprint for Minecraft Forge. Certificate fingerprint e3c3d50c7c986df74c645c0ac54639741c90a557
[16:40:46] [main/INFO] [LaunchWrapper]: Calling tweak class net.minecraftforge.fml.relauncher.CoreModManager$FMLPluginWrapper
[16:40:46] [main/INFO] [LaunchWrapper]: Calling tweak class net.minecraftforge.fml.relauncher.CoreModManager$FMLPluginWrapper
[16:40:46] [main/INFO] [Aroma1997Core]: Finished data injection.
[16:40:46] [main/INFO] [Aroma1997Core]: Finished data injection.
[16:40:46] [main/INFO] [LaunchWrapper]: Calling tweak class net.minecraftforge.fml.relauncher.CoreModManager$FMLPluginWrapper
[16:40:46] [main/INFO] [LaunchWrapper]: Calling tweak class net.minecraftforge.fml.relauncher.CoreModManager$FMLPluginWrapper
[16:40:46] [main/INFO] [LaunchWrapper]: Calling tweak class net.minecraftforge.fml.relauncher.CoreModManager$FMLPluginWrapper
[16:40:46] [main/INFO] [LaunchWrapper]: Calling tweak class codechicken.asm.internal.Tweaker
[16:40:46] [main/INFO] [STDOUT]: [codechicken.asm.internal.Tweaker:injectIntoClassLoader:30]: false
[16:40:46] [main/INFO] [LaunchWrapper]: Calling tweak class org.spongepowered.asm.launch.MixinTweaker
[16:40:46] [main/INFO] [mixin]: Initialised Mixin FML Remapper Adapter with net.minecraftforge.fml.common.asm.transformers.deobf.FMLDeobfuscatingRemapper@29a98d9f
[16:40:46] [main/INFO] [LaunchWrapper]: Calling tweak class net.minecraftforge.fml.common.launcher.FMLDeobfTweaker
[16:40:46] [main/INFO] [Astral Core]: [AstralTransformer] Loading patches...
[16:40:46] [main/INFO] [Astral Core]: [AstralTransformer] Initialized! Loaded 14 class patches!
[16:40:47] [main/INFO] [LaunchWrapper]: Calling tweak class net.minecraftforge.fml.relauncher.CoreModManager$FMLPluginWrapper
[16:40:47] [main/INFO] [LaunchWrapper]: Calling tweak class net.minecraftforge.fml.relauncher.CoreModManager$FMLPluginWrapper
[16:40:47] [main/INFO] [LaunchWrapper]: Calling tweak class net.minecraftforge.fml.relauncher.CoreModManager$FMLPluginWrapper
[16:40:47] [main/INFO] [BnBGamingCore]: Minecraft version is 1.12.2 and BNBGamingCore accepts versions 1.12, . It will be registered.
[16:40:47] [main/INFO] [BnBGamingCore]: Minecraft version is 1.12.2 and BNBGamingCore accepts versions 1.12, . It will be registered.
[16:40:47] [main/INFO] [LaunchWrapper]: Calling tweak class net.minecraftforge.fml.relauncher.CoreModManager$FMLPluginWrapper
[16:40:47] [main/INFO] [LaunchWrapper]: Calling tweak class net.minecraftforge.fml.relauncher.CoreModManager$FMLPluginWrapper
[16:40:47] [main/INFO] [LaunchWrapper]: Calling tweak class net.minecraftforge.fml.relauncher.CoreModManager$FMLPluginWrapper
[16:40:47] [main/INFO] [LaunchWrapper]: Calling tweak class net.minecraftforge.fml.relauncher.CoreModManager$FMLPluginWrapper
[16:40:47] [main/INFO] [LaunchWrapper]: Calling tweak class net.minecraftforge.fml.relauncher.CoreModManager$FMLPluginWrapper
[16:40:47] [main/INFO] [LaunchWrapper]: Calling tweak class net.minecraftforge.fml.relauncher.CoreModManager$FMLPluginWrapper
[16:40:47] [main/INFO] [LaunchWrapper]: Calling tweak class net.minecraftforge.fml.relauncher.CoreModManager$FMLPluginWrapper
[16:40:48] [main/INFO] [LaunchWrapper]: Loading tweak class name net.minecraftforge.fml.common.launcher.TerminalTweaker
[16:40:48] [main/INFO] [LaunchWrapper]: Loading tweak class name org.spongepowered.asm.mixin.EnvironmentStateTweaker
[16:40:48] [main/INFO] [LaunchWrapper]: Calling tweak class net.minecraftforge.fml.common.launcher.TerminalTweaker
[16:40:48] [main/INFO] [LaunchWrapper]: Calling tweak class org.spongepowered.asm.mixin.EnvironmentStateTweaker
[16:40:48] [main/INFO] [Astral Core]: [AstralTransformer] Transforming amu : net.minecraft.world.World with 2 patches!
[16:40:48] [main/INFO] [Astral Core]: [AstralTransformer] Skipping PATCHSUNBRIGHTNESSWORLDCLIENT as it can't be applied for side SERVER
[16:40:48] [main/INFO] [Astral Core]: [AstralTransformer] Applied patch PATCHSUNBRIGHTNESSWORLDCOMMON
[16:40:48] [main/INFO] [STDOUT]: [pl.asie.foamfix.coremod.FoamFixTransformer:spliceClasses:101]: Added INTERFACE: pl/asie/foamfix/coremod/patches/IFoamFixWorldRemovable
[16:40:48] [main/INFO] [STDOUT]: [pl.asie.foamfix.coremod.FoamFixTransformer:spliceClasses:141]: Added METHOD: net.minecraft.world.World.foamfix_removeUnloadedEntities
[16:40:48] [main/INFO] [STDOUT]: [pl.asie.foamfix.coremod.patches.WorldServerRemovalPatch:apply:57]: Patched updateEntities in net/minecraft/world/WorldServer func_72939_s
[16:40:48] [main/INFO] [BedPatch]: Patching Chunk
[16:40:48] [main/INFO] [STDOUT]: [pl.asie.patchy.helpers.ConstructorReplacingTransformer$FFMethodVisitor:visitTypeInsn:73]: Replaced NEW for net/minecraft/util/ClassInheritanceMultiMap to pl/asie/foamfix/coremod/common/FoamyClassInheritanceMultiMap
[16:40:48] [main/INFO] [STDOUT]: [pl.asie.patchy.helpers.ConstructorReplacingTransformer$FFMethodVisitor:visitMethodInsn:85]: Replaced INVOKESPECIAL for net/minecraft/util/ClassInheritanceMultiMap to pl/asie/foamfix/coremod/common/FoamyClassInheritanceMultiMap
[16:40:48] [main/INFO] [mixin]: A re-entrant transformer '$wrapper.pl.asie.foamfix.coremod.FoamFixTransformer' was detected and will no longer process meta class data
[16:40:48] [main/INFO] [Astral Core]: [AstralTransformer] Transforming pa : net.minecraft.network.NetHandlerPlayServer with 1 patches!
[16:40:48] [main/INFO] [Astral Core]: [AstralTransformer] Applied patch PATCHSERVEREXTENDENTITYINTERACTREACH
[16:40:48] [main/INFO] [Astral Core]: [AstralTransformer] Transforming amu : net.minecraft.world.World with 2 patches!
[16:40:48] [main/INFO] [Astral Core]: [AstralTransformer] Skipping PATCHSUNBRIGHTNESSWORLDCLIENT as it can't be applied for side SERVER
[16:40:48] [main/INFO] [Astral Core]: [AstralTransformer] Applied patch PATCHSUNBRIGHTNESSWORLDCOMMON
[16:40:48] [main/INFO] [STDOUT]: [pl.asie.foamfix.coremod.FoamFixTransformer:spliceClasses:101]: Added INTERFACE: pl/asie/foamfix/coremod/patches/IFoamFixWorldRemovable
[16:40:48] [main/INFO] [STDOUT]: [pl.asie.foamfix.coremod.FoamFixTransformer:spliceClasses:141]: Added METHOD: net.minecraft.world.World.foamfix_removeUnloadedEntities
[16:40:48] [main/INFO] [STDOUT]: [team.chisel.ctm.client.asm.CTMTransformer:preTransform:230]: Transforming Class [net.minecraft.block.Block], Method [getExtendedState]
[16:40:48] [main/INFO] [STDOUT]: [team.chisel.ctm.client.asm.CTMTransformer:finishTransform:242]: Transforming net.minecraft.block.Block Finished.
[16:40:48] [main/INFO] [STDOUT]: [pl.asie.foamfix.coremod.patches.WorldServerRemovalPatch:apply:57]: Patched updateEntities in net/minecraft/world/WorldServer func_72939_s
[16:40:48] [main/INFO] [EnderCore ASM]: Transforming net.minecraft.entity.player.EntityPlayer finished, added func_184613_cA() overriding EntityLivingBase
[16:40:48] [main/INFO] [Astral Core]: [AstralTransformer] Transforming vp : net.minecraft.entity.EntityLivingBase with 4 patches!
[16:40:48] [main/INFO] [Astral Core]: [AstralTransformer] Applied patch PATCHAPPLYPOTIONEFFECTEVENT
[16:40:48] [main/INFO] [Astral Core]: [AstralTransformer] Applied patch PATCHENTITYLIVINGBASEWATERSLOWDOWN
[16:40:48] [main/INFO] [Astral Core]: [AstralTransformer] Applied patch PATCHSETPLAYERATTRIBUTE
[16:40:48] [main/INFO] [Astral Core]: [AstralTransformer] Applied patch PATCHUPDATEELYTRA
[16:40:48] [main/INFO] [Apotheosis : Core]: Transforming EntityLivingBase...
[16:40:48] [main/INFO] [Apotheosis : Core]: Successfully transformed EntityLivingBase
[16:40:49] [main/INFO] [LaunchWrapper]: Launching wrapped minecraft {net.minecraft.server.MinecraftServer}
[16:40:49] [main/WARN] [net.minecraft.server.ServerEula]: Failed to load eula.txt
[16:40:49] [main/INFO] [net.minecraft.server.MinecraftServer]: You need to agree to the EULA in order to run the server. Go to eula.txt for more info.
